%eax: 00000000 %ecx: 00000000 %edx: 00000000 %ebx: 00000000
%esp: 00000000 %ebp: 00000000 %esi: 00000000 %edi: 00000000

CC - ZF: 0 SF: 0 OF: 0
F - predPC: 00000000
D - stat: 0 icode: 0 ifun: 0 rA: 0 rB: 0 valC: 00000000  valP: 00000000
E - stat: 0 icode: 0  ifun: 0  valC: 00000000 valA: 00000000 valB: 00000000
    dstE: 0 dstM: 0 srcA: 0 srcB: 0
M - stat: 0 icode: 0 Cnd: 0 valE: 00000000 valA: 00000000 dstE: 0 dstM: 0
W - stat: 0 icode: 0 valE: 00000000 valM: 00000000 dstE: 0 dstM: 0

000: 00000000 00000000 00000000 00000000 00000000 00000000 00000000 00000000 *

%eax: 11111111 %ecx: 11111112 %edx: 11111113 %ebx: 11111114
%esp: 11111115 %ebp: 11111116 %esi: 11111117 %edi: 11111118


getRegister(0) = 11111111
getRegister(1) = 11111112
getRegister(2) = 11111113
getRegister(3) = 11111114
getRegister(4) = 11111115
getRegister(5) = 11111116
getRegister(6) = 11111117
getRegister(7) = 11111118
fetch(1) = 12345678, memory error: 0
getWord(4) = 12345678, memory error: 0
getWord(8) = 87654321, memory error: 0
getWord(8) = 876543ff, memory error: 0
getWord(8) = 8765ffff, memory error: 0
getWord(8) = 87ffffff, memory error: 0
getWord(8) = ffffffff, memory error: 0
getWord(8) = 87654321, memory error: 0
getWord(8) = ff654321, memory error: 0
getWord(8) = ffff4321, memory error: 0
getWord(8) = ffffff21, memory error: 0
getWord(8) = ffffffff, memory error: 0
000: 00000000 12345678 ffffffff 00000000 00000000 00000000 00000000 00000000 
020: 00000000 00000000 00000000 00000000 00000000 00000000 00000000 00000000 *

memory error: 1
getWord(8) = 0, memory error: 0
memory error: 1
getWord(8) = 0, memory error: 0
memory error: 1
getWord(8) = 0, memory error: 0
getWord(9) = 0, memory error: 1
getWord(8) = 0, memory error: 0
getWord(0x1000) = 0, memory error: 1
getWord(8) = 0, memory error: 0
getWord(-9) = 0, memory error: 1
getWord(8) = 0, memory error: 0
getByte(-10) = 0, memory error: 1
getWord(8) = 0, memory error: 0
getByte(0x4000) = 0, memory error: 1
memory error: 1
getWord(8) = 0, memory error: 0
memory error: 1
getWord(8) = 0, memory error: 0
